<?xml version="1.0" encoding="UTF-8"?>
<!-- Generated by org.testng.reporters.JUnitReportReporter -->
<testsuite hostname="Girish" name="org.cucumber.tests.OpenMRSTests" tests="1" failures="0" timestamp="10 Feb 2019 02:40:06 GMT" time="27.222" errors="0">
  <testcase name="login" time="27.222" classname="org.cucumber.tests.OpenMRSTests"/>
</testsuite> <!-- org.cucumber.tests.OpenMRSTests -->
